<?xml version="1.0" encoding="UTF-8"?>
<!-- Generated by org.testng.reporters.JUnitXMLReporter -->
<testsuite ignored="0" hostname="DESKTOP-4NLOS64" failures="0" tests="4" name="Surefire test" time="82.263" errors="0" timestamp="2026-05-25T14:24:15 GMT+02:00">
  <testcase classname="tests.AuthenticationTests" name="loginWithInvalidCredentials" time="6.303"/>
  <testcase classname="tests.AuthenticationTests" name="loginWithValidCredentials" time="12.229"/>
  <testcase classname="tests.AuthenticationTests" name="logoutUser" time="13.714"/>
  <testcase classname="tests.AuthenticationTests" name="registerWithExistingEmail" time="5.99"/>
</testsuite> <!-- Surefire test -->
