<?xml version="1.0" encoding="UTF-8"?>
<!-- Generated by org.testng.reporters.JUnitXMLReporter -->
<testsuite ignored="0" hostname="DESKTOP-4NLOS64" failures="0" tests="4" name="Surefire test" time="38.637" errors="0" timestamp="2026-05-25T15:38:02 GMT+02:00">
  <testcase classname="tests.AuthenticationTests" name="loginWithInvalidCredentials" time="4.663"/>
  <testcase classname="tests.AuthenticationTests" name="loginWithValidCredentials" time="5.883"/>
  <testcase classname="tests.AuthenticationTests" name="logoutUser" time="5.779"/>
  <testcase classname="tests.AuthenticationTests" name="registerWithExistingEmail" time="3.631"/>
</testsuite> <!-- Surefire test -->
