<?xml version="1.0" encoding="UTF-8"?>
<!-- Generated by org.testng.reporters.JUnitXMLReporter -->
<testsuite ignored="3" hostname="OSM-PC" failures="0" tests="1" name="Default test" time="8.391" errors="0" timestamp="2026-05-31T10:13:43 EEST">
  <testcase classname="tests.ProductsTests" name="viewCatagory" time="3.305"/>
  <testcase classname="tests.ProductsTests" name="testCasePage" time="0.0">
    <ignored/>
  </testcase> <!-- testCasePage -->
  <testcase classname="tests.ProductsTests" name="verifyAllProductsAndProductDetail" time="0.0">
    <ignored/>
  </testcase> <!-- verifyAllProductsAndProductDetail -->
  <testcase classname="tests.ProductsTests" name="searchProduct" time="0.0">
    <ignored/>
  </testcase> <!-- searchProduct -->
</testsuite> <!-- Default test -->
