<?xml version="1.0" encoding="UTF-8"?>
<!-- Generated by org.testng.reporters.JUnitXMLReporter -->
<testsuite ignored="1" hostname="OSM-PC" failures="0" tests="1" name="Default test" time="9.382" errors="0" timestamp="2026-05-30T13:24:52 EEST">
  <testcase classname="tests.ProductsTests" name="verifyAllProductsAndProductDetail" time="3.805"/>
  <testcase classname="tests.ProductsTests" name="testCasePage" time="0.0">
    <ignored/>
  </testcase> <!-- testCasePage -->
</testsuite> <!-- Default test -->
