<?xml version="1.0" encoding="UTF-8"?>
<testng-results ignored="0" total="5" passed="5" failed="0" skipped="0">
  <reporter-output>
  </reporter-output>
  <suite started-at="2026-05-30T14:24:12 GMT+02:00" name="Surefire suite" finished-at="2026-05-30T14:24:51 GMT+02:00" duration-ms="38471">
    <groups>
    </groups>
    <test started-at="2026-05-30T14:24:12 GMT+02:00" name="Surefire test" finished-at="2026-05-30T14:24:51 GMT+02:00" duration-ms="38471">
      <class name="tests.AuthenticationTests">
        <test-method is-config="true" signature="setup()[pri:0, instance:tests.AuthenticationTests@49b0b76]" started-at="2026-05-30T14:24:12 GMT+02:00" name="setup" finished-at="2026-05-30T14:24:17 GMT+02:00" duration-ms="4941" status="PASS">
          <reporter-output>
          </reporter-output>
        </test-method> <!-- setup -->
        <test-method signature="loginWithInvalidCredentials()[pri:0, instance:tests.AuthenticationTests@49b0b76]" started-at="2026-05-30T14:24:17 GMT+02:00" name="loginWithInvalidCredentials" finished-at="2026-05-30T14:24:19 GMT+02:00" duration-ms="2440" status="PASS">
          <reporter-output>
          </reporter-output>
        </test-method> <!-- loginWithInvalidCredentials -->
        <test-method is-config="true" signature="tearDown()[pri:0, instance:tests.AuthenticationTests@49b0b76]" started-at="2026-05-30T14:24:19 GMT+02:00" name="tearDown" finished-at="2026-05-30T14:24:20 GMT+02:00" duration-ms="191" status="PASS">
          <reporter-output>
          </reporter-output>
        </test-method> <!-- tearDown -->
        <test-method is-config="true" signature="setup()[pri:0, instance:tests.AuthenticationTests@49b0b76]" started-at="2026-05-30T14:24:20 GMT+02:00" name="setup" finished-at="2026-05-30T14:24:24 GMT+02:00" duration-ms="4243" status="PASS">
          <reporter-output>
          </reporter-output>
        </test-method> <!-- setup -->
        <test-method signature="loginWithValidCredentials()[pri:0, instance:tests.AuthenticationTests@49b0b76]" started-at="2026-05-30T14:24:24 GMT+02:00" name="loginWithValidCredentials" finished-at="2026-05-30T14:24:28 GMT+02:00" duration-ms="3739" status="PASS">
          <reporter-output>
          </reporter-output>
        </test-method> <!-- loginWithValidCredentials -->
        <test-method is-config="true" signature="tearDown()[pri:0, instance:tests.AuthenticationTests@49b0b76]" started-at="2026-05-30T14:24:28 GMT+02:00" name="tearDown" finished-at="2026-05-30T14:24:28 GMT+02:00" duration-ms="185" status="PASS">
          <reporter-output>
          </reporter-output>
        </test-method> <!-- tearDown -->
        <test-method is-config="true" signature="setup()[pri:0, instance:tests.AuthenticationTests@49b0b76]" started-at="2026-05-30T14:24:28 GMT+02:00" name="setup" finished-at="2026-05-30T14:24:33 GMT+02:00" duration-ms="5528" status="PASS">
          <reporter-output>
          </reporter-output>
        </test-method> <!-- setup -->
        <test-method signature="logoutUser()[pri:0, instance:tests.AuthenticationTests@49b0b76]" started-at="2026-05-30T14:24:33 GMT+02:00" name="logoutUser" finished-at="2026-05-30T14:24:38 GMT+02:00" duration-ms="4729" status="PASS">
          <reporter-output>
          </reporter-output>
        </test-method> <!-- logoutUser -->
        <test-method is-config="true" signature="tearDown()[pri:0, instance:tests.AuthenticationTests@49b0b76]" started-at="2026-05-30T14:24:38 GMT+02:00" name="tearDown" finished-at="2026-05-30T14:24:38 GMT+02:00" duration-ms="171" status="PASS">
          <reporter-output>
          </reporter-output>
        </test-method> <!-- tearDown -->
        <test-method is-config="true" signature="setup()[pri:0, instance:tests.AuthenticationTests@49b0b76]" started-at="2026-05-30T14:24:38 GMT+02:00" name="setup" finished-at="2026-05-30T14:24:41 GMT+02:00" duration-ms="2962" status="PASS">
          <reporter-output>
          </reporter-output>
        </test-method> <!-- setup -->
        <test-method signature="registerWithExistingEmail()[pri:0, instance:tests.AuthenticationTests@49b0b76]" started-at="2026-05-30T14:24:41 GMT+02:00" name="registerWithExistingEmail" finished-at="2026-05-30T14:24:44 GMT+02:00" duration-ms="2490" status="PASS">
          <reporter-output>
          </reporter-output>
        </test-method> <!-- registerWithExistingEmail -->
        <test-method is-config="true" signature="tearDown()[pri:0, instance:tests.AuthenticationTests@49b0b76]" started-at="2026-05-30T14:24:44 GMT+02:00" name="tearDown" finished-at="2026-05-30T14:24:44 GMT+02:00" duration-ms="211" status="PASS">
          <reporter-output>
          </reporter-output>
        </test-method> <!-- tearDown -->
      </class> <!-- tests.AuthenticationTests -->
      <class name="tests.CheckoutTests">
        <test-method is-config="true" signature="setup()[pri:0, instance:tests.CheckoutTests@769f71a9]" started-at="2026-05-30T14:24:44 GMT+02:00" name="setup" finished-at="2026-05-30T14:24:48 GMT+02:00" duration-ms="3793" status="PASS">
          <reporter-output>
          </reporter-output>
        </test-method> <!-- setup -->
        <test-method signature="addToCartFromRecommendedItems()[pri:0, instance:tests.CheckoutTests@769f71a9]" started-at="2026-05-30T14:24:48 GMT+02:00" name="addToCartFromRecommendedItems" finished-at="2026-05-30T14:24:50 GMT+02:00" duration-ms="2613" status="PASS">
          <reporter-output>
          </reporter-output>
        </test-method> <!-- addToCartFromRecommendedItems -->
        <test-method is-config="true" signature="tearDown()[pri:0, instance:tests.CheckoutTests@769f71a9]" started-at="2026-05-30T14:24:50 GMT+02:00" name="tearDown" finished-at="2026-05-30T14:24:51 GMT+02:00" duration-ms="193" status="PASS">
          <reporter-output>
          </reporter-output>
        </test-method> <!-- tearDown -->
      </class> <!-- tests.CheckoutTests -->
    </test> <!-- Surefire test -->
  </suite> <!-- Surefire suite -->
</testng-results>
