<?xml version="1.0" encoding="UTF-8"?>
<testng-results ignored="0" total="4" passed="4" failed="0" skipped="0">
  <reporter-output>
  </reporter-output>
  <suite started-at="2026-05-25T14:22:53 GMT+02:00" name="Surefire suite" finished-at="2026-05-25T14:24:15 GMT+02:00" duration-ms="82263">
    <groups>
    </groups>
    <test started-at="2026-05-25T14:22:53 GMT+02:00" name="Surefire test" finished-at="2026-05-25T14:24:15 GMT+02:00" duration-ms="82263">
      <class name="tests.AuthenticationTests">
        <test-method is-config="true" signature="setup()[pri:0, instance:tests.AuthenticationTests@35047d03]" started-at="2026-05-25T14:22:53 GMT+02:00" name="setup" finished-at="2026-05-25T14:23:05 GMT+02:00" duration-ms="12297" status="PASS">
          <reporter-output>
          </reporter-output>
        </test-method> <!-- setup -->
        <test-method signature="loginWithInvalidCredentials()[pri:0, instance:tests.AuthenticationTests@35047d03]" started-at="2026-05-25T14:23:05 GMT+02:00" name="loginWithInvalidCredentials" finished-at="2026-05-25T14:23:11 GMT+02:00" duration-ms="6303" status="PASS">
          <reporter-output>
          </reporter-output>
        </test-method> <!-- loginWithInvalidCredentials -->
        <test-method is-config="true" signature="tearDown()[pri:0, instance:tests.AuthenticationTests@35047d03]" started-at="2026-05-25T14:23:11 GMT+02:00" name="tearDown" finished-at="2026-05-25T14:23:11 GMT+02:00" duration-ms="195" status="PASS">
          <reporter-output>
          </reporter-output>
        </test-method> <!-- tearDown -->
        <test-method is-config="true" signature="setup()[pri:0, instance:tests.AuthenticationTests@35047d03]" started-at="2026-05-25T14:23:11 GMT+02:00" name="setup" finished-at="2026-05-25T14:23:22 GMT+02:00" duration-ms="10294" status="PASS">
          <reporter-output>
          </reporter-output>
        </test-method> <!-- setup -->
        <test-method signature="loginWithValidCredentials()[pri:0, instance:tests.AuthenticationTests@35047d03]" started-at="2026-05-25T14:23:22 GMT+02:00" name="loginWithValidCredentials" finished-at="2026-05-25T14:23:34 GMT+02:00" duration-ms="12229" status="PASS">
          <reporter-output>
          </reporter-output>
        </test-method> <!-- loginWithValidCredentials -->
        <test-method is-config="true" signature="tearDown()[pri:0, instance:tests.AuthenticationTests@35047d03]" started-at="2026-05-25T14:23:34 GMT+02:00" name="tearDown" finished-at="2026-05-25T14:23:34 GMT+02:00" duration-ms="152" status="PASS">
          <reporter-output>
          </reporter-output>
        </test-method> <!-- tearDown -->
        <test-method is-config="true" signature="setup()[pri:0, instance:tests.AuthenticationTests@35047d03]" started-at="2026-05-25T14:23:34 GMT+02:00" name="setup" finished-at="2026-05-25T14:23:43 GMT+02:00" duration-ms="9010" status="PASS">
          <reporter-output>
          </reporter-output>
        </test-method> <!-- setup -->
        <test-method signature="logoutUser()[pri:0, instance:tests.AuthenticationTests@35047d03]" started-at="2026-05-25T14:23:43 GMT+02:00" name="logoutUser" finished-at="2026-05-25T14:23:57 GMT+02:00" duration-ms="13714" status="PASS">
          <reporter-output>
          </reporter-output>
        </test-method> <!-- logoutUser -->
        <test-method is-config="true" signature="tearDown()[pri:0, instance:tests.AuthenticationTests@35047d03]" started-at="2026-05-25T14:23:57 GMT+02:00" name="tearDown" finished-at="2026-05-25T14:23:57 GMT+02:00" duration-ms="162" status="PASS">
          <reporter-output>
          </reporter-output>
        </test-method> <!-- tearDown -->
        <test-method is-config="true" signature="setup()[pri:0, instance:tests.AuthenticationTests@35047d03]" started-at="2026-05-25T14:23:57 GMT+02:00" name="setup" finished-at="2026-05-25T14:24:09 GMT+02:00" duration-ms="11707" status="PASS">
          <reporter-output>
          </reporter-output>
        </test-method> <!-- setup -->
        <test-method signature="registerWithExistingEmail()[pri:0, instance:tests.AuthenticationTests@35047d03]" started-at="2026-05-25T14:24:09 GMT+02:00" name="registerWithExistingEmail" finished-at="2026-05-25T14:24:15 GMT+02:00" duration-ms="5990" status="PASS">
          <reporter-output>
          </reporter-output>
        </test-method> <!-- registerWithExistingEmail -->
        <test-method is-config="true" signature="tearDown()[pri:0, instance:tests.AuthenticationTests@35047d03]" started-at="2026-05-25T14:24:15 GMT+02:00" name="tearDown" finished-at="2026-05-25T14:24:15 GMT+02:00" duration-ms="170" status="PASS">
          <reporter-output>
          </reporter-output>
        </test-method> <!-- tearDown -->
      </class> <!-- tests.AuthenticationTests -->
    </test> <!-- Surefire test -->
  </suite> <!-- Surefire suite -->
</testng-results>
