<?xml version="1.0" encoding="UTF-8"?>
<!-- Generated by org.testng.reporters.JUnitReportReporter -->
<testsuite hostname="DESKTOP-IENJ4VS" failures="0" tests="5" name="tests.AuthenticationTests" time="142.619" errors="0" timestamp="2026-05-31T09:06:45 GMT+02:00" skipped="0">
  <testcase classname="tests.AuthenticationTests" name="registerNewUser" time="44.659"/>
  <testcase classname="tests.AuthenticationTests" name="loginWithInvalidCredentials" time="19.345"/>
  <testcase classname="tests.AuthenticationTests" name="registerWithExistingEmail" time="12.228"/>
  <testcase classname="tests.AuthenticationTests" name="loginWithValidCredentials" time="46.865"/>
  <testcase classname="tests.AuthenticationTests" name="logoutUser" time="19.522"/>
</testsuite> <!-- tests.AuthenticationTests -->
