<?xml version="1.0" encoding="UTF-8"?>
<!-- Generated by org.testng.reporters.JUnitReportReporter -->
<testsuite hostname="DESKTOP-4NLOS64" failures="0" tests="4" name="tests.AuthenticationTests" time="31.830" errors="0" timestamp="2026-05-30T14:24:51 GMT+02:00" skipped="0">
  <testcase classname="tests.AuthenticationTests" name="logoutUser" time="9.881"/>
  <testcase classname="tests.AuthenticationTests" name="loginWithInvalidCredentials" time="6.868"/>
  <testcase classname="tests.AuthenticationTests" name="loginWithValidCredentials" time="9.438"/>
  <testcase classname="tests.AuthenticationTests" name="registerWithExistingEmail" time="5.643"/>
</testsuite> <!-- tests.AuthenticationTests -->
