<?xml version="1.0" encoding="UTF-8"?>
<!-- Generated by org.testng.reporters.JUnitReportReporter -->
<testsuite hostname="DESKTOP-4NLOS64" failures="0" tests="4" name="tests.AuthenticationTests" time="38.600" errors="0" timestamp="2026-05-25T15:38:02 GMT+02:00" skipped="0">
  <testcase classname="tests.AuthenticationTests" name="registerWithExistingEmail" time="9.632"/>
  <testcase classname="tests.AuthenticationTests" name="logoutUser" time="8.850"/>
  <testcase classname="tests.AuthenticationTests" name="loginWithInvalidCredentials" time="9.294"/>
  <testcase classname="tests.AuthenticationTests" name="loginWithValidCredentials" time="10.824"/>
</testsuite> <!-- tests.AuthenticationTests -->
